<?xml version="1.0" encoding="UTF-8"?>
<robot generator="Robot 4.1.3 (Python 3.10.2 on win32)" generated="20220317 10:51:15.590" rpa="false" schemaversion="2">
<suite id="s1" name="Verify Validcredential Suite" source="E:\robot_framework\login_suite\verify_validcredential_suite.robot">
<test id="s1-t1" name="Verify Valid Credential Test">
<kw name="Open Browser" library="SeleniumLibrary">
<arg>browser=chrome</arg>
<arg>executable_path=${EXECDIR}${/}driver${/}chromedriver.exe</arg>
<doc>Opens a new browser instance to the optional ``url``.</doc>
<msg timestamp="20220317 10:51:15.868" level="INFO">Opening browser 'chrome' to base url 'None'.</msg>
<status status="PASS" starttime="20220317 10:51:15.867" endtime="20220317 10:51:19.345"/>
</kw>
<kw name="Maximize Browser Window" library="SeleniumLibrary">
<doc>Maximizes current browser window.</doc>
<status status="PASS" starttime="20220317 10:51:19.346" endtime="20220317 10:51:19.482"/>
</kw>
<kw name="Set Selenium Implicit Wait" library="SeleniumLibrary">
<arg>20s</arg>
<doc>Sets the implicit wait value used by Selenium.</doc>
<status status="PASS" starttime="20220317 10:51:19.484" endtime="20220317 10:51:19.490"/>
</kw>
<kw name="Go To" library="SeleniumLibrary">
<arg>url=https://opensource-demo.orangehrmlive.com/</arg>
<doc>Navigates the current browser window to the provided ``url``.</doc>
<msg timestamp="20220317 10:51:19.492" level="INFO">Opening url 'https://opensource-demo.orangehrmlive.com/'</msg>
<status status="PASS" starttime="20220317 10:51:19.491" endtime="20220317 10:51:29.269"/>
</kw>
<kw name="Input Text" library="SeleniumLibrary">
<arg>id=txtUsername</arg>
<arg>Admin</arg>
<doc>Types the given ``text`` into the text field identified by ``locator``.</doc>
<msg timestamp="20220317 10:51:29.270" level="INFO">Typing text 'Admin' into text field 'id=txtUsername'.</msg>
<status status="PASS" starttime="20220317 10:51:29.270" endtime="20220317 10:51:29.355"/>
</kw>
<kw name="Input Password" library="SeleniumLibrary">
<arg>id=txtPassword</arg>
<arg>admin123</arg>
<doc>Types the given password into the text field identified by ``locator``.</doc>
<msg timestamp="20220317 10:51:29.355" level="INFO">Typing password into text field 'id=txtPassword'.</msg>
<msg timestamp="20220317 10:51:29.391" level="INFO">Temporally setting log level to: NONE</msg>
<msg timestamp="20220317 10:51:29.452" level="INFO">Log level changed from NONE to INFO.</msg>
<status status="PASS" starttime="20220317 10:51:29.355" endtime="20220317 10:51:29.452"/>
</kw>
<kw name="Click Element" library="SeleniumLibrary">
<arg>id=btnLogin</arg>
<doc>Click the element identified by ``locator``.</doc>
<msg timestamp="20220317 10:51:29.453" level="INFO">Clicking element 'id=btnLogin'.</msg>
<status status="PASS" starttime="20220317 10:51:29.453" endtime="20220317 10:51:51.134"/>
</kw>
<kw name="Page Should Contain" library="SeleniumLibrary">
<arg>My Info</arg>
<doc>Verifies that current page contains ``text``.</doc>
<msg timestamp="20220317 10:51:51.158" level="INFO">Current page contains text 'My Info'.</msg>
<status status="PASS" starttime="20220317 10:51:51.135" endtime="20220317 10:51:51.158"/>
</kw>
<kw name="Close Browser" library="SeleniumLibrary" type="TEARDOWN">
<doc>Closes the current browser.</doc>
<status status="PASS" starttime="20220317 10:51:51.158" endtime="20220317 10:51:53.371"/>
</kw>
<status status="PASS" starttime="20220317 10:51:15.865" endtime="20220317 10:51:53.372"/>
</test>
<doc>This suite will handles all the test cases related to valid
credential test. Test case - TC_OH_2</doc>
<status status="PASS" starttime="20220317 10:51:15.592" endtime="20220317 10:51:53.376"/>
</suite>
<statistics>
<total>
<stat pass="1" fail="0" skip="0">All Tests</stat>
</total>
<tag>
</tag>
<suite>
<stat pass="1" fail="0" skip="0" id="s1" name="Verify Validcredential Suite">Verify Validcredential Suite</stat>
</suite>
</statistics>
<errors>
</errors>
</robot>
