<?xml version="1.0" encoding="UTF-8"?>
<robot generator="Robot 4.1.3 (Python 3.10.2 on win32)" generated="20220317 22:49:46.081" rpa="false" schemaversion="2">
<suite id="s1" name="Verify Membership Suite" source="E:\robot_framework\my_info_suite\verify_membership_suite.robot">
<test id="s1-t1" name="TC1">
<kw name="Launch Browser" library="CommonFunctionality" type="SETUP">
<kw name="Open Browser" library="SeleniumLibrary">
<arg>browser=${BROWSER_NAME}</arg>
<arg>executable_path=${EXECDIR}${/}driver${/}chromedriver.exe</arg>
<doc>Opens a new browser instance to the optional ``url``.</doc>
<msg timestamp="20220317 22:49:51.147" level="INFO">Opening browser 'chrome' to base url 'None'.</msg>
<status status="PASS" starttime="20220317 22:49:51.131" endtime="20220317 22:49:54.502"/>
</kw>
<kw name="Maximize Browser Window" library="SeleniumLibrary">
<doc>Maximizes current browser window.</doc>
<status status="PASS" starttime="20220317 22:49:54.502" endtime="20220317 22:49:54.619"/>
</kw>
<kw name="Set Selenium Implicit Wait" library="SeleniumLibrary">
<arg>20s</arg>
<doc>Sets the implicit wait value used by Selenium.</doc>
<status status="PASS" starttime="20220317 22:49:54.619" endtime="20220317 22:49:54.619"/>
</kw>
<kw name="Go To" library="SeleniumLibrary">
<arg>url=${URL}</arg>
<doc>Navigates the current browser window to the provided ``url``.</doc>
<msg timestamp="20220317 22:49:54.634" level="INFO">Opening url 'https://opensource-demo.orangehrmlive.com/'</msg>
<status status="PASS" starttime="20220317 22:49:54.619" endtime="20220317 22:50:10.679"/>
</kw>
<status status="PASS" starttime="20220317 22:49:51.131" endtime="20220317 22:50:10.680"/>
</kw>
<kw name="Verify Add Membership Templ">
<arg>Admin</arg>
<arg>admin123</arg>
<arg>CIMA</arg>
<arg>Company</arg>
<arg>500</arg>
<arg>Indian Rupee</arg>
<kw name="Input Text" library="SeleniumLibrary">
<arg>id=txtUsername</arg>
<arg>${username}</arg>
<doc>Types the given ``text`` into the text field identified by ``locator``.</doc>
<msg timestamp="20220317 22:50:10.682" level="INFO">Typing text 'Admin' into text field 'id=txtUsername'.</msg>
<status status="PASS" starttime="20220317 22:50:10.681" endtime="20220317 22:50:10.753"/>
</kw>
<kw name="Input Password" library="SeleniumLibrary">
<arg>id=txtPassword</arg>
<arg>${password}</arg>
<doc>Types the given password into the text field identified by ``locator``.</doc>
<msg timestamp="20220317 22:50:10.753" level="INFO">Typing password into text field 'id=txtPassword'.</msg>
<msg timestamp="20220317 22:50:10.786" level="INFO">Temporally setting log level to: NONE</msg>
<msg timestamp="20220317 22:50:10.837" level="INFO">Log level changed from NONE to INFO.</msg>
<status status="PASS" starttime="20220317 22:50:10.753" endtime="20220317 22:50:10.837"/>
</kw>
<kw name="Click Element" library="SeleniumLibrary">
<arg>id=btnLogin</arg>
<doc>Click the element identified by ``locator``.</doc>
<msg timestamp="20220317 22:50:10.837" level="INFO">Clicking element 'id=btnLogin'.</msg>
<status status="PASS" starttime="20220317 22:50:10.837" endtime="20220317 22:50:32.727"/>
</kw>
<kw name="Click Element" library="SeleniumLibrary">
<arg>id=menu_pim_viewMyDetails</arg>
<doc>Click the element identified by ``locator``.</doc>
<msg timestamp="20220317 22:50:32.728" level="INFO">Clicking element 'id=menu_pim_viewMyDetails'.</msg>
<status status="PASS" starttime="20220317 22:50:32.727" endtime="20220317 22:50:36.118"/>
</kw>
<kw name="Click Element" library="SeleniumLibrary">
<arg>partial link=Memberships</arg>
<doc>Click the element identified by ``locator``.</doc>
<msg timestamp="20220317 22:50:36.118" level="INFO">Clicking element 'partial link=Memberships'.</msg>
<status status="PASS" starttime="20220317 22:50:36.118" endtime="20220317 22:50:37.717"/>
</kw>
<kw name="Click Element" library="SeleniumLibrary">
<arg>xpath=//input[@id="btnAddMembershipDetail"]</arg>
<doc>Click the element identified by ``locator``.</doc>
<msg timestamp="20220317 22:50:37.718" level="INFO">Clicking element 'xpath=//input[@id="btnAddMembershipDetail"]'.</msg>
<status status="PASS" starttime="20220317 22:50:37.717" endtime="20220317 22:50:37.779"/>
</kw>
<kw name="Select From List By Label" library="SeleniumLibrary">
<arg>xpath=//select[@name="membership[membership]"]</arg>
<arg>${membership}</arg>
<doc>Selects options from selection list ``locator`` by ``labels``.</doc>
<msg timestamp="20220317 22:50:37.780" level="INFO">Selecting options from selection list 'xpath=//select[@name="membership[membership]"]' by label CIMA.</msg>
<status status="PASS" starttime="20220317 22:50:37.779" endtime="20220317 22:50:37.842"/>
</kw>
<kw name="Select From List By Label" library="SeleniumLibrary">
<arg>xpath=//select[@name="membership[subscriptionPaidBy]"]</arg>
<arg>${paid_by}</arg>
<doc>Selects options from selection list ``locator`` by ``labels``.</doc>
<msg timestamp="20220317 22:50:37.843" level="INFO">Selecting options from selection list 'xpath=//select[@name="membership[subscriptionPaidBy]"]' by label Company.</msg>
<status status="PASS" starttime="20220317 22:50:37.842" endtime="20220317 22:50:37.889"/>
</kw>
<kw name="Input Text" library="SeleniumLibrary">
<arg>xpath=//input[@name="membership[subscriptionAmount]"]</arg>
<arg>${amount}</arg>
<doc>Types the given ``text`` into the text field identified by ``locator``.</doc>
<msg timestamp="20220317 22:50:37.889" level="INFO">Typing text '500' into text field 'xpath=//input[@name="membership[subscriptionAmount]"]'.</msg>
<status status="PASS" starttime="20220317 22:50:37.889" endtime="20220317 22:50:37.984"/>
</kw>
<kw name="Select From List By Label" library="SeleniumLibrary">
<arg>xpath=//select[@name="membership[currency]"]</arg>
<arg>${coin}</arg>
<doc>Selects options from selection list ``locator`` by ``labels``.</doc>
<msg timestamp="20220317 22:50:37.984" level="INFO">Selecting options from selection list 'xpath=//select[@name="membership[currency]"]' by label Indian Rupee.</msg>
<status status="PASS" starttime="20220317 22:50:37.984" endtime="20220317 22:50:38.037"/>
</kw>
<kw name="Click Element" library="SeleniumLibrary">
<arg>xpath=//input[@name="btnSaveMembership"]</arg>
<doc>Click the element identified by ``locator``.</doc>
<msg timestamp="20220317 22:50:38.037" level="INFO">Clicking element 'xpath=//input[@name="btnSaveMembership"]'.</msg>
<status status="PASS" starttime="20220317 22:50:38.037" endtime="20220317 22:50:40.847"/>
</kw>
<kw name="Table Should Contain" library="SeleniumLibrary">
<arg>xpath=//form[@id="frmEmpDelMemberships"]</arg>
<arg>${membership}</arg>
<doc>Verifies table contains text ``expected``.</doc>
<status status="PASS" starttime="20220317 22:50:40.848" endtime="20220317 22:50:40.962"/>
</kw>
<kw name="Table Should Contain" library="SeleniumLibrary">
<arg>xpath=//form[@id="frmEmpDelMemberships"]</arg>
<arg>${paid_by}</arg>
<doc>Verifies table contains text ``expected``.</doc>
<status status="PASS" starttime="20220317 22:50:40.962" endtime="20220317 22:50:41.031"/>
</kw>
<kw name="Table Should Contain" library="SeleniumLibrary">
<arg>xpath=//form[@id="frmEmpDelMemberships"]</arg>
<arg>${amount}</arg>
<doc>Verifies table contains text ``expected``.</doc>
<status status="PASS" starttime="20220317 22:50:41.031" endtime="20220317 22:50:41.078"/>
</kw>
<status status="PASS" starttime="20220317 22:50:10.680" endtime="20220317 22:50:41.078"/>
</kw>
<status status="PASS" starttime="20220317 22:49:51.131" endtime="20220317 22:50:41.078"/>
</test>
<doc>This suite files handles test case related to membership</doc>
<status status="PASS" starttime="20220317 22:49:46.081" endtime="20220317 22:50:41.094"/>
</suite>
<statistics>
<total>
<stat pass="1" fail="0" skip="0">All Tests</stat>
</total>
<tag>
</tag>
<suite>
<stat pass="1" fail="0" skip="0" id="s1" name="Verify Membership Suite">Verify Membership Suite</stat>
</suite>
</statistics>
<errors>
</errors>
</robot>
