<?xml version="1.0" encoding="UTF-8"?>
<robot generator="Robot 4.1.3 (Python 3.10.2 on win32)" generated="20220317 11:58:49.353" rpa="false" schemaversion="2">
<suite id="s1" name="Verify Validcredential Suite" source="E:\robot_framework\login_suite\verify_validcredential_suite.robot">
<test id="s1-t1" name="Verify Valid Credential Test">
<kw name="Launch Browser" library="CommonFunctionality">
<kw name="Open Browser" library="SeleniumLibrary">
<arg>browser=chrome</arg>
<arg>executable_path=${EXECDIR}${/}driver${/}chromedriver.exe</arg>
<doc>Opens a new browser instance to the optional ``url``.</doc>
<msg timestamp="20220317 11:58:49.639" level="INFO">Opening browser 'chrome' to base url 'None'.</msg>
<status status="PASS" starttime="20220317 11:58:49.639" endtime="20220317 11:58:54.466"/>
</kw>
<kw name="Maximize Browser Window" library="SeleniumLibrary">
<doc>Maximizes current browser window.</doc>
<status status="PASS" starttime="20220317 11:58:54.466" endtime="20220317 11:58:54.593"/>
</kw>
<kw name="Set Selenium Implicit Wait" library="SeleniumLibrary">
<arg>20s</arg>
<doc>Sets the implicit wait value used by Selenium.</doc>
<status status="PASS" starttime="20220317 11:58:54.594" endtime="20220317 11:58:54.606"/>
</kw>
<kw name="Go To" library="SeleniumLibrary">
<arg>url=https://opensource-demo.orangehrmlive.com/</arg>
<doc>Navigates the current browser window to the provided ``url``.</doc>
<msg timestamp="20220317 11:58:54.607" level="INFO">Opening url 'https://opensource-demo.orangehrmlive.com/'</msg>
<status status="PASS" starttime="20220317 11:58:54.606" endtime="20220317 11:59:04.987"/>
</kw>
<status status="PASS" starttime="20220317 11:58:49.638" endtime="20220317 11:59:04.987"/>
</kw>
<kw name="Input Text" library="SeleniumLibrary">
<arg>id=txtUsername</arg>
<arg>Admin</arg>
<doc>Types the given ``text`` into the text field identified by ``locator``.</doc>
<msg timestamp="20220317 11:59:04.989" level="INFO">Typing text 'Admin' into text field 'id=txtUsername'.</msg>
<status status="PASS" starttime="20220317 11:59:04.988" endtime="20220317 11:59:05.080"/>
</kw>
<kw name="Input Password" library="SeleniumLibrary">
<arg>id=txtPassword</arg>
<arg>admin123</arg>
<doc>Types the given password into the text field identified by ``locator``.</doc>
<msg timestamp="20220317 11:59:05.082" level="INFO">Typing password into text field 'id=txtPassword'.</msg>
<msg timestamp="20220317 11:59:05.124" level="INFO">Temporally setting log level to: NONE</msg>
<msg timestamp="20220317 11:59:05.172" level="INFO">Log level changed from NONE to INFO.</msg>
<status status="PASS" starttime="20220317 11:59:05.081" endtime="20220317 11:59:05.172"/>
</kw>
<kw name="Click Element" library="SeleniumLibrary">
<arg>id=btnLogin</arg>
<doc>Click the element identified by ``locator``.</doc>
<msg timestamp="20220317 11:59:05.172" level="INFO">Clicking element 'id=btnLogin'.</msg>
<status status="PASS" starttime="20220317 11:59:05.172" endtime="20220317 11:59:09.084"/>
</kw>
<kw name="Page Should Contain" library="SeleniumLibrary">
<arg>My Info</arg>
<doc>Verifies that current page contains ``text``.</doc>
<msg timestamp="20220317 11:59:09.100" level="INFO">Current page contains text 'My Info'.</msg>
<status status="PASS" starttime="20220317 11:59:09.084" endtime="20220317 11:59:09.100"/>
</kw>
<kw name="Close Browser" library="SeleniumLibrary" type="TEARDOWN">
<doc>Closes the current browser.</doc>
<status status="PASS" starttime="20220317 11:59:09.101" endtime="20220317 11:59:11.400"/>
</kw>
<status status="PASS" starttime="20220317 11:58:49.637" endtime="20220317 11:59:11.401"/>
</test>
<doc>This suite will handles all the test cases related to valid
credential test. Test case - TC_OH_2</doc>
<status status="PASS" starttime="20220317 11:58:49.355" endtime="20220317 11:59:11.403"/>
</suite>
<statistics>
<total>
<stat pass="1" fail="0" skip="0">All Tests</stat>
</total>
<tag>
</tag>
<suite>
<stat pass="1" fail="0" skip="0" id="s1" name="Verify Validcredential Suite">Verify Validcredential Suite</stat>
</suite>
</statistics>
<errors>
</errors>
</robot>
